#
# A fatal error has been detected by the Java Runtime Environment:
#
#  EXCEPTION_ACCESS_VIOLATION (0xc0000005) at pc=0x0000017f1940ae50, pid=21732, tid=2580
#
# JRE version: OpenJDK Runtime Environment Corretto-21.0.6.7.1 (21.0.6+7) (build 21.0.6+7-LTS)
# Java VM: OpenJDK 64-Bit Server VM Corretto-21.0.6.7.1 (21.0.6+7-LTS, mixed mode, sharing, tiered, compressed oops, compressed class ptrs, g1 gc, windows-amd64)
# Problematic frame:
# v  ~BufferBlob::MethodHandles adapters 0x0000017f1940ae50
#
# No core dump will be written. Minidumps are not enabled by default on client versions of Windows
#
# If you would like to submit a bug report, please visit:
#   https://github.com/corretto/corretto-21/issues/
#

---------------  S U M M A R Y ------------

Command Line: -agentlib:jdwp=transport=dt_socket,address=127.0.0.1:55698,suspend=y,server=n -javaagent:C:\Users\sachi\AppData\Local\JetBrains\IdeaIC2024.3\captureAgent\debugger-agent.jar -Dkotlinx.coroutines.debug.enable.creation.stack.trace=false -Ddebugger.agent.enable.coroutines=true -Dkotlinx.coroutines.debug.enable.flows.stack.trace=true -Dkotlinx.coroutines.debug.enable.mutable.state.flows.stack.trace=true -Dfile.encoding=UTF-8 -Dsun.stdout.encoding=UTF-8 -Dsun.stderr.encoding=UTF-8 com.spring.boot.service1.Service1Application

Host: 11th Gen Intel(R) Core(TM) i5-11400H @ 2.70GHz, 12 cores, 15G,  Windows 11 , 64 bit Build 26100 (10.0.26100.4768)
Time: Fri Aug 29 21:52:42 2025 India Standard Time elapsed time: 21.331687 seconds (0d 0h 0m 21s)

---------------  T H R E A D  ---------------

Current thread (0x0000017f097c5c60):  JavaThread "main"             [_thread_in_Java, id=2580, stack(0x00000062fc500000,0x00000062fc600000) (1024K)]

Stack: [0x00000062fc500000,0x00000062fc600000],  sp=0x00000062fc5fe5c8,  free space=1017k
Native frames: (J=compiled Java code, j=interpreted, Vv=VM code, C=native code)
C  0x0000017f1940ae50

The last pc belongs to _linkToSpecial (printed below).

siginfo: EXCEPTION_ACCESS_VIOLATION (0xc0000005), reading address 0xffffffffffffffff


Registers:
RAX=0x0000017f193d91b4, RBX=0x65746e692f6d6f63, RCX=0x00000062fc5fe5d0, RDX=0x0000000000000002
RSP=0x00000062fc5fe5c8, RBP=0x00000062fc5fe618, RSI=0x0000017f6e5c3328, RDI=0x0000017f7240a640
R8 =0x0000000000000002, R9 =0x0000000000000002, R10=0x0000017f2a002800, R11=0x0000017f290b5bd0
R12=0x0000000000000000, R13=0x00000062fc5fe5c8, R14=0x00000062fc5fe638, R15=0x0000017f097c5c60
RIP=0x0000017f1940ae50, EFLAGS=0x0000000000010202

XMM[0]=0x0000000000000000 0x0000000000000000
XMM[1]=0x0000000000000000 0x0000000000000000
XMM[2]=0x0000000000000000 0x0000000000000000
XMM[3]=0x0000000000000000 0x0000000000000000
XMM[4]=0x0000000000000000 0x0000000000000000
XMM[5]=0x0000000000000000 0x0000000000000000
XMM[6]=0xbbb52c55b60fc996 0x0f29495afbdf1ff6
XMM[7]=0xb4903e5f2c46760d 0xf3abe721f4dba594
XMM[8]=0x8b53fad46211570d 0x0e001eddbbd7205a
XMM[9]=0xc531e53dc531e53d 0xc531e53dc31f4ee6
XMM[10]=0x0000000000000000 0x00000000fded69a9
XMM[11]=0x5f7bc0ef5f7bc0ef 0x5f7bc0ef229b0fd5
XMM[12]=0x0000000000000000 0x00000000c31f4ee6
XMM[13]=0x0000000000000000 0x0000000000000000
XMM[14]=0x0000000000000000 0x0000000000000000
XMM[15]=0x0000000000000000 0x0000000000000000
  MXCSR=0x00001fa0


Register to memory mapping:

RAX=0x0000017f193d91b4 is at code_begin+3380 in an Interpreter codelet
return entry points  [0x0000017f193d8480, 0x0000017f193da590]  8464 bytes
RBX=0x65746e692f6d6f63 is an unknown value
RCX=0x00000062fc5fe5d0 is pointing into the stack for thread: 0x0000017f097c5c60
RDX=0x0000000000000002 is an unknown value
RSP=0x00000062fc5fe5c8 is pointing into the stack for thread: 0x0000017f097c5c60
RBP=0x00000062fc5fe618 is pointing into the stack for thread: 0x0000017f097c5c60
RSI=0x0000017f6e5c3328 points into unknown readable memory: 0x80000700491a4249 | 49 42 1a 49 00 07 00 80
RDI=0x0000017f7240a640 points into unknown readable memory: 0x0000001800000070 | 70 00 00 00 18 00 00 00
R8 =0x0000000000000002 is an unknown value
R9 =0x0000000000000002 is an unknown value
R10=0x0000017f2a002800 is a pointer to class: 
com.spring.boot.service1.Service1Application {0x0000017f2a002808}
 - instance size:     2
 - klass size:        63
 - access:            public synchronized 
 - flags:             rewritten should_verify_class has_localvariable_table has_vanilla_constructor has_resolved_methods 
 - state:             fully_initialized
 - name:              'com/spring/boot/service1/Service1Application'
 - super:             'java/lang/Object'
 - sub:               
 - arrays:            null
 - methods:           Array<T>(0x0000017f6a405178)
 - method ordering:   Array<T>(0x0000017f6a405340)
 - local interfaces:  Array<T>(0x0000017f29611d70)
 - trans. interfaces: Array<T>(0x0000017f29611d70)
 - constants:         constant pool [29] {0x0000017f6a405030} for 'com/spring/boot/service1/Service1Application' cache=0x0000017f6a405350
 - class loader data:  loader data: 0x0000017f6e0da4c0 for instance a 'jdk/internal/loader/ClassLoaders$AppClassLoader'{0x0000000704440950}
 - source file:       'Service1Application.java'
 - class annotations:       Array<T>(0x0000017f6a4052f0)
 - inner classes:     Array<T>(0x0000017f29611cf8)
 - nest members:     Array<T>(0x0000017f29611cf8)
 - permitted subclasses:     Array<T>(0x0000017f29611cf8)
 - java mirror:       a 'java/lang/Class'{0x0000000704445ac8} = 'com/spring/boot/service1/Service1Application'
 - vtable length      5  (start addr: 0x0000017f2a0029c0)
 - itable length      2 (start addr: 0x0000017f2a0029e8)
 - ---- static fields (0 words):
 - ---- non-static fields (0 words):
 - non-static oop maps: 
R11={method} {0x0000017f290b5bd8} 'newInvokeSpecial' '(Ljava/lang/Object;)Ljava/lang/Object;' in 'java/lang/invoke/DirectMethodHandle$Holder'
R12=0x0 is null
R13=0x00000062fc5fe5c8 is pointing into the stack for thread: 0x0000017f097c5c60
R14=0x00000062fc5fe638 is pointing into the stack for thread: 0x0000017f097c5c60
R15=0x0000017f097c5c60 is a thread

Top of Stack: (sp=0x00000062fc5fe5c8)
0x00000062fc5fe5c8:   0000017f193d91b4 00000062fc5fe5d0
0x00000062fc5fe5d8:   0000017f2972bd8f 0000000000000004
0x00000062fc5fe5e8:   0000017f290b1088 0000017f6b3dc050
0x00000062fc5fe5f8:   0000000704441f88 0000017f290b5bd0
0x00000062fc5fe608:   00000062fc5fe5c8 00000062fc5fe640
0x00000062fc5fe618:   00000062fc5fe9e0 0000017f1236a1ca
0x00000062fc5fe628:   000000070d102840 000000070d1028e8
0x00000062fc5fe638:   000000070d1028a0 0000000000000000
0x00000062fc5fe648:   00000062fc5fe690 00000062fc5fe9e0
0x00000062fc5fe658:   0000017f12717eec 00000007044443c0
0x00000062fc5fe668:   000000070d1028a0 0000000000000000
0x00000062fc5fe678:   000000070d102870 0000000704a30748
0x00000062fc5fe688:   0000017f12717eec 0000000000000000
0x00000062fc5fe698:   0000000000000000 0000000000000000
0x00000062fc5fe6a8:   0000000000000000 0000000000000000
0x00000062fc5fe6b8:   0000000000000000 0000000000000000
0x00000062fc5fe6c8:   0000000000000000 0000000000000000
0x00000062fc5fe6d8:   0000000000000000 0000000000000000
0x00000062fc5fe6e8:   000000070d1028d0 000000070d102698
0x00000062fc5fe6f8:   0000000700000000 0000000704a30748
0x00000062fc5fe708:   000000070d102640 000000070d102640
0x00000062fc5fe718:   0000000704445ac8 0000000000000008
0x00000062fc5fe728:   000000070d1028d0 00000062fc5fe9e0
0x00000062fc5fe738:   0000017f12717502 0000000704a30748
0x00000062fc5fe748:   000000070d1028a0 00000062fc5fe9e0
0x00000062fc5fe758:   0000017f125a6234 0000000000000000
0x00000062fc5fe768:   0000000000000000 0000000000000000
0x00000062fc5fe778:   0000000000000000 0000017f097c5c60
0x00000062fc5fe788:   0000000000000000 000000070d102640
0x00000062fc5fe798:   0000000000000000 0000000704a30748
0x00000062fc5fe7a8:   000000070d1028d0 000000070d102640
0x00000062fc5fe7b8:   0000000000000000 0000000000000000 

Instructions: (pc=0x0000017f1940ae50)
0x0000017f1940ad50:   bf d8 05 00 00 00 74 03 ff 63 38 ff 63 50 e9 9d
0x0000017f1940ad60:   16 00 00 66 66 66 0f 1f 84 00 00 00 00 00 66 66
0x0000017f1940ad70:   66 90 66 66 0f 1f 84 00 00 00 00 00 66 66 66 90
0x0000017f1940ad80:   48 8b 53 08 0f b7 52 2e 48 8b 0c d4 58 5b 50 44
0x0000017f1940ad90:   8b 51 08 49 bb 00 00 00 29 7f 01 00 00 4d 03 d3
0x0000017f1940ada0:   4c 8b 5b 10 4b 8b 9c da c0 01 00 00 48 85 db 0f
0x0000017f1940adb0:   84 10 00 00 00 41 80 bf d8 05 00 00 00 74 03 ff
0x0000017f1940adc0:   63 38 ff 63 50 e9 36 16 00 00 66 66 66 0f 1f 84
0x0000017f1940add0:   00 00 00 00 00 66 66 66 90 0f 1f 80 00 00 00 00
0x0000017f1940ade0:   58 5b 50 8b 5b 24 48 c1 e3 03 48 8b 5b 10 48 85
0x0000017f1940adf0:   db 0f 84 10 00 00 00 41 80 bf d8 05 00 00 00 74
0x0000017f1940ae00:   03 ff 63 38 ff 63 50 e9 f4 15 00 00 66 66 66 0f
0x0000017f1940ae10:   1f 84 00 00 00 00 00 66 66 66 90 0f 1f 44 00 00
0x0000017f1940ae20:   48 8b 53 08 0f b7 52 2e 48 8b 0c d4 58 5b 50 48
0x0000017f1940ae30:   3b 01 8b 5b 24 48 c1 e3 03 48 8b 5b 10 48 85 db
0x0000017f1940ae40:   0f 84 10 00 00 00 41 80 bf d8 05 00 00 00 74 03
0x0000017f1940ae50:   ff 63 38 ff 63 50 e9 a5 15 00 00 0f 1f 44 00 00
0x0000017f1940ae60:   48 8b 53 08 0f b7 52 2e 48 8b 0c d4 58 5b 50 44
0x0000017f1940ae70:   8b 51 08 49 bb 00 00 00 29 7f 01 00 00 4d 03 d3
0x0000017f1940ae80:   8b 43 18 48 c1 e0 03 48 8b 40 10 48 8b 5b 10 45
0x0000017f1940ae90:   8b 9a a0 00 00 00 4f 8d 9c da c0 01 00 00 4d 8d
0x0000017f1940aea0:   14 da 49 8b 1b 48 3b c3 74 15 48 85 db 0f 84 32
0x0000017f1940aeb0:   00 00 00 49 83 c3 10 49 8b 1b 48 3b c3 75 eb 45
0x0000017f1940aec0:   8b 5b 08 4b 8b 1c 1a 48 85 db 0f 84 10 00 00 00
0x0000017f1940aed0:   41 80 bf d8 05 00 00 00 74 03 ff 63 38 ff 63 50
0x0000017f1940aee0:   e9 1b 15 00 00 e9 16 12 00 00 f4 00 00 00 00 00
0x0000017f1940aef0:   00 00 00 00 00 00 00 00 00 00 00 00 00 00 00 00
0x0000017f1940af00:   00 00 00 00 00 00 00 00 00 00 00 00 00 00 00 00
0x0000017f1940af10:   00 00 00 00 00 00 00 00 00 00 00 00 00 00 00 00
0x0000017f1940af20:   00 00 00 00 00 00 00 00 00 00 00 00 00 00 00 00
0x0000017f1940af30:   00 00 00 00 00 00 00 00 00 00 00 00 00 00 00 00
0x0000017f1940af40:   00 00 00 00 00 00 00 00 00 00 00 00 00 00 00 00 


Stack slot to memory mapping:

stack at sp + 0 slots: 0x0000017f193d91b4 is at code_begin+3380 in an Interpreter codelet
return entry points  [0x0000017f193d8480, 0x0000017f193da590]  8464 bytes
stack at sp + 1 slots: 0x00000062fc5fe5d0 is pointing into the stack for thread: 0x0000017f097c5c60
stack at sp + 2 slots: 0x0000017f2972bd8f is pointing into metadata
stack at sp + 3 slots: 0x0000000000000004 is an unknown value
stack at sp + 4 slots: 0x0000017f290b1088 is pointing into metadata
stack at sp + 5 slots: 0x0000017f6b3dc050 is pointing into metadata
stack at sp + 6 slots: 0x0000000704441f88 is an oop: java.lang.Class 
{0x0000000704441f88} - klass: 'java/lang/Class'
 - ---- fields (total size 14 words):
 - private volatile transient 'classRedefinedCount' 'I' @12  0 (0x00000000)
 - injected 'klass' 'J' @16  1645661064288 (0x0000017f290b0c60)
 - injected 'array_klass' 'J' @24  0 (0x0000000000000000)
 - injected 'oop_size' 'I' @32  14 (0x0000000e)
 - injected 'static_oop_field_count' 'I' @36  0 (0x00000000)
 - private volatile transient 'cachedConstructor' 'Ljava/lang/reflect/Constructor;' @40  null (0x00000000)
 - private transient 'name' 'Ljava/lang/String;' @44  "java.lang.invoke.DirectMethodHandle$Holder"{0x0000000704441ff8} (0xe08883ff)
 - private transient 'module' 'Ljava/lang/Module;' @48  a 'java/lang/Module'{0x00000007044448d8} (0xe088891b)
 - private final 'classLoader' 'Ljava/lang/ClassLoader;' @52  null (0x00000000)
 - private transient 'classData' 'Ljava/lang/Object;' @56  null (0x00000000)
 - private transient 'packageName' 'Ljava/lang/String;' @60  null (0x00000000)
 - private final 'componentType' 'Ljava/lang/Class;' @64  null (0x00000000)
 - private volatile transient 'reflectionData' 'Ljava/lang/ref/SoftReference;' @68  null (0x00000000)
 - private volatile transient 'genericInfo' 'Lsun/reflect/generics/repository/ClassRepository;' @72  null (0x00000000)
 - private volatile transient 'enumConstants' '[Ljava/lang/Object;' @76  null (0x00000000)
 - private volatile transient 'enumConstantDirectory' 'Ljava/util/Map;' @80  null (0x00000000)
 - private volatile transient 'annotationData' 'Ljava/lang/Class$AnnotationData;' @84  null (0x00000000)
 - private volatile transient 'annotationType' 'Lsun/reflect/annotation/AnnotationType;' @88  null (0x00000000)
 - transient 'classValueMap' 'Ljava/lang/ClassValue$ClassValueMap;' @92  null (0x00000000)
 - injected 'protection_domain' 'Ljava/lang/Object;' @96  null (0x00000000)
 - injected 'signers_name' 'Ljava/lang/Object;' @100  null (0x00000000)
 - injected 'source_file' 'Ljava/lang/Object;' @104  null (0x00000000)
 - injected '<init_lock>' 'Ljava/lang/Object;' @108  null (0x00000000)
 - signature: Ljava/lang/invoke/DirectMethodHandle$Holder;
 - ---- static fields (0):
stack at sp + 7 slots: {method} {0x0000017f290b5bd8} 'newInvokeSpecial' '(Ljava/lang/Object;)Ljava/lang/Object;' in 'java/lang/invoke/DirectMethodHandle$Holder'

MethodHandle::interpreter_entry::_linkToSpecial [0x0000017f1940ae0c, 0x0000017f1940ae5b] (79 bytes)
[MachCode]
  0x0000017f1940ae0c: 6666 660f | 1f84 0000 | 0000 0066 | 6666 900f | 1f44 0000 | 488b 5308 | 0fb7 522e | 488b 0cd4 
  0x0000017f1940ae2c: 585b 5048 | 3b01 8b5b | 2448 c1e3 | 0348 8b5b | 1048 85db | 0f84 1000 | 0000 4180 | bfd8 0500 
  0x0000017f1940ae4c: 0000 7403 | ff63 38ff | 6350 e9a5 | 
[/MachCode]

---------------  P R O C E S S  ---------------

Threads class SMR info:
_java_thread_list=0x0000017f70fd51f0, length=17, elements={
0x0000017f097c5c60, 0x0000017f28d092e0, 0x0000017f28d0ad40, 0x0000017f28d0c670,
0x0000017f28d0d5a0, 0x0000017f28d18010, 0x0000017f28d1bf30, 0x0000017f28d1d3f0,
0x0000017f28d218c0, 0x0000017f28d197d0, 0x0000017f6e21b300, 0x0000017f6e2479b0,
0x0000017f6e2482a0, 0x0000017f28d1ab80, 0x0000017f735384f0, 0x0000017f7353e0d0,
0x0000017f7353e760
}

Java Threads: ( => current thread )
=>0x0000017f097c5c60 JavaThread "main"                              [_thread_in_Java, id=2580, stack(0x00000062fc500000,0x00000062fc600000) (1024K)]
  0x0000017f28d092e0 JavaThread "Reference Handler"          daemon [_thread_blocked, id=22660, stack(0x00000062fcd00000,0x00000062fce00000) (1024K)]
  0x0000017f28d0ad40 JavaThread "Finalizer"                  daemon [_thread_blocked, id=7972, stack(0x00000062fce00000,0x00000062fcf00000) (1024K)]
  0x0000017f28d0c670 JavaThread "Signal Dispatcher"          daemon [_thread_blocked, id=2172, stack(0x00000062fcf00000,0x00000062fd000000) (1024K)]
  0x0000017f28d0d5a0 JavaThread "Attach Listener"            daemon [_thread_blocked, id=20784, stack(0x00000062fd000000,0x00000062fd100000) (1024K)]
  0x0000017f28d18010 JavaThread "Service Thread"             daemon [_thread_blocked, id=22456, stack(0x00000062fd100000,0x00000062fd200000) (1024K)]
  0x0000017f28d1bf30 JavaThread "Monitor Deflation Thread"   daemon [_thread_blocked, id=15236, stack(0x00000062fd200000,0x00000062fd300000) (1024K)]
  0x0000017f28d1d3f0 JavaThread "C2 CompilerThread0"         daemon [_thread_blocked, id=2968, stack(0x00000062fd300000,0x00000062fd400000) (1024K)]
  0x0000017f28d218c0 JavaThread "C1 CompilerThread0"         daemon [_thread_blocked, id=21636, stack(0x00000062fd400000,0x00000062fd500000) (1024K)]
  0x0000017f28d197d0 JavaThread "Common-Cleaner"             daemon [_thread_blocked, id=2832, stack(0x00000062fd500000,0x00000062fd600000) (1024K)]
  0x0000017f6e21b300 JavaThread "JDWP Transport Listener: dt_socket" daemon [_thread_blocked, id=20728, stack(0x00000062fd600000,0x00000062fd700000) (1024K)]
  0x0000017f6e2479b0 JavaThread "JDWP Event Helper Thread"   daemon [_thread_blocked, id=6932, stack(0x00000062fd700000,0x00000062fd800000) (1024K)]
  0x0000017f6e2482a0 JavaThread "JDWP Command Reader"        daemon [_thread_in_native, id=16288, stack(0x00000062fd800000,0x00000062fd900000) (1024K)]
  0x0000017f28d1ab80 JavaThread "Notification Thread"        daemon [_thread_blocked, id=18460, stack(0x00000062fd900000,0x00000062fda00000) (1024K)]
  0x0000017f735384f0 JavaThread "Catalina-utility-1"                [_thread_blocked, id=17172, stack(0x00000062fe400000,0x00000062fe500000) (1024K)]
  0x0000017f7353e0d0 JavaThread "Catalina-utility-2"                [_thread_blocked, id=22144, stack(0x00000062fe700000,0x00000062fe800000) (1024K)]
  0x0000017f7353e760 JavaThread "container-0"                       [_thread_blocked, id=15304, stack(0x00000062fe900000,0x00000062fea00000) (1024K)]
Total: 17

Other Threads:
  0x0000017f28ceb9e0 VMThread "VM Thread"                           [id=19052, stack(0x00000062fcc00000,0x00000062fcd00000) (1024K)]
  0x0000017f28cdbc40 WatcherThread "VM Periodic Task Thread"        [id=23376, stack(0x00000062fcb00000,0x00000062fcc00000) (1024K)]
  0x0000017f09831690 WorkerThread "GC Thread#0"                     [id=3256, stack(0x00000062fc600000,0x00000062fc700000) (1024K)]
  0x0000017f6e93d750 WorkerThread "GC Thread#1"                     [id=22976, stack(0x00000062fdb00000,0x00000062fdc00000) (1024K)]
  0x0000017f6e93c8d0 WorkerThread "GC Thread#2"                     [id=12396, stack(0x00000062fdc00000,0x00000062fdd00000) (1024K)]
  0x0000017f6e93cc70 WorkerThread "GC Thread#3"                     [id=15108, stack(0x00000062fdd00000,0x00000062fde00000) (1024K)]
  0x0000017f6e93d010 WorkerThread "GC Thread#4"                     [id=16552, stack(0x00000062fde00000,0x00000062fdf00000) (1024K)]
  0x0000017f6e93de90 WorkerThread "GC Thread#5"                     [id=23404, stack(0x00000062fdf00000,0x00000062fe000000) (1024K)]
  0x0000017f6e93d3b0 WorkerThread "GC Thread#6"                     [id=5824, stack(0x00000062fe000000,0x00000062fe100000) (1024K)]
  0x0000017f6f17ded0 WorkerThread "GC Thread#7"                     [id=7720, stack(0x00000062fe100000,0x00000062fe200000) (1024K)]
  0x0000017f6f17db30 WorkerThread "GC Thread#8"                     [id=13672, stack(0x00000062fe200000,0x00000062fe300000) (1024K)]
  0x0000017f6f180310 WorkerThread "GC Thread#9"                     [id=12800, stack(0x00000062fe300000,0x00000062fe400000) (1024K)]
  0x0000017f09842a40 ConcurrentGCThread "G1 Main Marker"            [id=16808, stack(0x00000062fc700000,0x00000062fc800000) (1024K)]
  0x0000017f09845270 WorkerThread "G1 Conc#0"                       [id=21640, stack(0x00000062fc800000,0x00000062fc900000) (1024K)]
  0x0000017f6f17e610 WorkerThread "G1 Conc#1"                       [id=20280, stack(0x00000062fe500000,0x00000062fe600000) (1024K)]
  0x0000017f6f17f490 WorkerThread "G1 Conc#2"                       [id=3644, stack(0x00000062fe600000,0x00000062fe700000) (1024K)]
  0x0000017f28baf590 ConcurrentGCThread "G1 Refine#0"               [id=21316, stack(0x00000062fc900000,0x00000062fca00000) (1024K)]
  0x0000017f28bafdb0 ConcurrentGCThread "G1 Service"                [id=13000, stack(0x00000062fca00000,0x00000062fcb00000) (1024K)]
Total: 18

Threads with active compile tasks:
Total: 0

VM state: not at safepoint (normal execution)

VM Mutex/Monitor currently owned by a thread: None

Heap address: 0x0000000704400000, size: 4028 MB, Compressed Oops mode: Zero based, Oop shift amount: 3

CDS archive(s) mapped at: [0x0000017f29000000-0x0000017f29c80000-0x0000017f29c80000), size 13107200, SharedBaseAddress: 0x0000017f29000000, ArchiveRelocationMode: 1.
Compressed class space mapped at: 0x0000017f2a000000-0x0000017f6a000000, reserved size: 1073741824
Narrow klass base: 0x0000017f29000000, Narrow klass shift: 0, Narrow klass range: 0x100000000

GC Precious Log:
 CardTable entry size: 512
 Card Set container configuration: InlinePtr #cards 4 size 8 Array Of Cards #cards 16 size 48 Howl #buckets 8 coarsen threshold 3686 Howl Bitmap #cards 512 size 80 coarsen threshold 460 Card regions per heap region 1 cards per card region 4096
 CPUs: 12 total, 12 available
 Memory: 16105M
 Large Page Support: Disabled
 NUMA Support: Disabled
 Compressed Oops: Enabled (Zero based)
 Heap Region Size: 2M
 Heap Min Capacity: 8M
 Heap Initial Capacity: 252M
 Heap Max Capacity: 4028M
 Pre-touch: Disabled
 Parallel Workers: 10
 Concurrent Workers: 3
 Concurrent Refinement Workers: 10
 Periodic GC: Disabled

Heap:
 garbage-first heap   total 151552K, used 21212K [0x0000000704400000, 0x0000000800000000)
  region size 2048K, 6 young (12288K), 2 survivors (4096K)
 Metaspace       used 33820K, committed 34304K, reserved 1114112K
  class space    used 4029K, committed 4224K, reserved 1048576K

Heap Regions: E=young(eden), S=young(survivor), O=old, HS=humongous(starts), HC=humongous(continues), CS=collection set, F=free, TAMS=top-at-mark-start, PB=parsable bottom
|   0|0x0000000704400000, 0x0000000704600000, 0x0000000704600000|100%| O|  |TAMS 0x0000000704400000| PB 0x0000000704400000| Untracked 
|   1|0x0000000704600000, 0x0000000704800000, 0x0000000704800000|100%| O|  |TAMS 0x0000000704600000| PB 0x0000000704600000| Untracked 
|   2|0x0000000704800000, 0x00000007048f2508, 0x0000000704a00000| 47%| O|  |TAMS 0x0000000704800000| PB 0x0000000704800000| Untracked 
|   3|0x0000000704a00000, 0x0000000704c00000, 0x0000000704c00000|100%| O|  |TAMS 0x0000000704a00000| PB 0x0000000704a00000| Untracked 
|   4|0x0000000704c00000, 0x0000000704e00000, 0x0000000704e00000|100%| O|  |TAMS 0x0000000704c00000| PB 0x0000000704c00000| Untracked 
|   5|0x0000000704e00000, 0x0000000705000000, 0x0000000705000000|100%| O|  |TAMS 0x0000000704e00000| PB 0x0000000704e00000| Untracked 
|   6|0x0000000705000000, 0x0000000705000000, 0x0000000705200000|  0%| F|  |TAMS 0x0000000705000000| PB 0x0000000705000000| Untracked 
|   7|0x0000000705200000, 0x00000007053c4c00, 0x0000000705400000| 88%| S|CS|TAMS 0x0000000705200000| PB 0x0000000705200000| Complete 
|   8|0x0000000705400000, 0x0000000705600000, 0x0000000705600000|100%| S|CS|TAMS 0x0000000705400000| PB 0x0000000705400000| Complete 
|   9|0x0000000705600000, 0x0000000705600000, 0x0000000705800000|  0%| F|  |TAMS 0x0000000705600000| PB 0x0000000705600000| Untracked 
|  10|0x0000000705800000, 0x0000000705800000, 0x0000000705a00000|  0%| F|  |TAMS 0x0000000705800000| PB 0x0000000705800000| Untracked 
|  11|0x0000000705a00000, 0x0000000705a00000, 0x0000000705c00000|  0%| F|  |TAMS 0x0000000705a00000| PB 0x0000000705a00000| Untracked 
|  12|0x0000000705c00000, 0x0000000705c00000, 0x0000000705e00000|  0%| F|  |TAMS 0x0000000705c00000| PB 0x0000000705c00000| Untracked 
|  13|0x0000000705e00000, 0x0000000705e00000, 0x0000000706000000|  0%| F|  |TAMS 0x0000000705e00000| PB 0x0000000705e00000| Untracked 
|  14|0x0000000706000000, 0x0000000706000000, 0x0000000706200000|  0%| F|  |TAMS 0x0000000706000000| PB 0x0000000706000000| Untracked 
|  15|0x0000000706200000, 0x0000000706200000, 0x0000000706400000|  0%| F|  |TAMS 0x0000000706200000| PB 0x0000000706200000| Untracked 
|  16|0x0000000706400000, 0x0000000706400000, 0x0000000706600000|  0%| F|  |TAMS 0x0000000706400000| PB 0x0000000706400000| Untracked 
|  17|0x0000000706600000, 0x0000000706600000, 0x0000000706800000|  0%| F|  |TAMS 0x0000000706600000| PB 0x0000000706600000| Untracked 
|  18|0x0000000706800000, 0x0000000706800000, 0x0000000706a00000|  0%| F|  |TAMS 0x0000000706800000| PB 0x0000000706800000| Untracked 
|  19|0x0000000706a00000, 0x0000000706a00000, 0x0000000706c00000|  0%| F|  |TAMS 0x0000000706a00000| PB 0x0000000706a00000| Untracked 
|  20|0x0000000706c00000, 0x0000000706c00000, 0x0000000706e00000|  0%| F|  |TAMS 0x0000000706c00000| PB 0x0000000706c00000| Untracked 
|  21|0x0000000706e00000, 0x0000000706e00000, 0x0000000707000000|  0%| F|  |TAMS 0x0000000706e00000| PB 0x0000000706e00000| Untracked 
|  22|0x0000000707000000, 0x0000000707000000, 0x0000000707200000|  0%| F|  |TAMS 0x0000000707000000| PB 0x0000000707000000| Untracked 
|  23|0x0000000707200000, 0x0000000707200000, 0x0000000707400000|  0%| F|  |TAMS 0x0000000707200000| PB 0x0000000707200000| Untracked 
|  24|0x0000000707400000, 0x0000000707400000, 0x0000000707600000|  0%| F|  |TAMS 0x0000000707400000| PB 0x0000000707400000| Untracked 
|  25|0x0000000707600000, 0x0000000707600000, 0x0000000707800000|  0%| F|  |TAMS 0x0000000707600000| PB 0x0000000707600000| Untracked 
|  26|0x0000000707800000, 0x0000000707800000, 0x0000000707a00000|  0%| F|  |TAMS 0x0000000707800000| PB 0x0000000707800000| Untracked 
|  27|0x0000000707a00000, 0x0000000707a00000, 0x0000000707c00000|  0%| F|  |TAMS 0x0000000707a00000| PB 0x0000000707a00000| Untracked 
|  28|0x0000000707c00000, 0x0000000707c00000, 0x0000000707e00000|  0%| F|  |TAMS 0x0000000707c00000| PB 0x0000000707c00000| Untracked 
|  29|0x0000000707e00000, 0x0000000707e00000, 0x0000000708000000|  0%| F|  |TAMS 0x0000000707e00000| PB 0x0000000707e00000| Untracked 
|  30|0x0000000708000000, 0x0000000708000000, 0x0000000708200000|  0%| F|  |TAMS 0x0000000708000000| PB 0x0000000708000000| Untracked 
|  31|0x0000000708200000, 0x0000000708200000, 0x0000000708400000|  0%| F|  |TAMS 0x0000000708200000| PB 0x0000000708200000| Untracked 
|  32|0x0000000708400000, 0x0000000708400000, 0x0000000708600000|  0%| F|  |TAMS 0x0000000708400000| PB 0x0000000708400000| Untracked 
|  33|0x0000000708600000, 0x0000000708600000, 0x0000000708800000|  0%| F|  |TAMS 0x0000000708600000| PB 0x0000000708600000| Untracked 
|  34|0x0000000708800000, 0x0000000708800000, 0x0000000708a00000|  0%| F|  |TAMS 0x0000000708800000| PB 0x0000000708800000| Untracked 
|  35|0x0000000708a00000, 0x0000000708a00000, 0x0000000708c00000|  0%| F|  |TAMS 0x0000000708a00000| PB 0x0000000708a00000| Untracked 
|  36|0x0000000708c00000, 0x0000000708c00000, 0x0000000708e00000|  0%| F|  |TAMS 0x0000000708c00000| PB 0x0000000708c00000| Untracked 
|  37|0x0000000708e00000, 0x0000000708e00000, 0x0000000709000000|  0%| F|  |TAMS 0x0000000708e00000| PB 0x0000000708e00000| Untracked 
|  38|0x0000000709000000, 0x0000000709000000, 0x0000000709200000|  0%| F|  |TAMS 0x0000000709000000| PB 0x0000000709000000| Untracked 
|  39|0x0000000709200000, 0x0000000709200000, 0x0000000709400000|  0%| F|  |TAMS 0x0000000709200000| PB 0x0000000709200000| Untracked 
|  40|0x0000000709400000, 0x0000000709400000, 0x0000000709600000|  0%| F|  |TAMS 0x0000000709400000| PB 0x0000000709400000| Untracked 
|  41|0x0000000709600000, 0x0000000709600000, 0x0000000709800000|  0%| F|  |TAMS 0x0000000709600000| PB 0x0000000709600000| Untracked 
|  42|0x0000000709800000, 0x0000000709800000, 0x0000000709a00000|  0%| F|  |TAMS 0x0000000709800000| PB 0x0000000709800000| Untracked 
|  43|0x0000000709a00000, 0x0000000709a00000, 0x0000000709c00000|  0%| F|  |TAMS 0x0000000709a00000| PB 0x0000000709a00000| Untracked 
|  44|0x0000000709c00000, 0x0000000709c00000, 0x0000000709e00000|  0%| F|  |TAMS 0x0000000709c00000| PB 0x0000000709c00000| Untracked 
|  45|0x0000000709e00000, 0x0000000709e00000, 0x000000070a000000|  0%| F|  |TAMS 0x0000000709e00000| PB 0x0000000709e00000| Untracked 
|  46|0x000000070a000000, 0x000000070a000000, 0x000000070a200000|  0%| F|  |TAMS 0x000000070a000000| PB 0x000000070a000000| Untracked 
|  47|0x000000070a200000, 0x000000070a200000, 0x000000070a400000|  0%| F|  |TAMS 0x000000070a200000| PB 0x000000070a200000| Untracked 
|  48|0x000000070a400000, 0x000000070a400000, 0x000000070a600000|  0%| F|  |TAMS 0x000000070a400000| PB 0x000000070a400000| Untracked 
|  49|0x000000070a600000, 0x000000070a600000, 0x000000070a800000|  0%| F|  |TAMS 0x000000070a600000| PB 0x000000070a600000| Untracked 
|  50|0x000000070a800000, 0x000000070a800000, 0x000000070aa00000|  0%| F|  |TAMS 0x000000070a800000| PB 0x000000070a800000| Untracked 
|  51|0x000000070aa00000, 0x000000070aa00000, 0x000000070ac00000|  0%| F|  |TAMS 0x000000070aa00000| PB 0x000000070aa00000| Untracked 
|  52|0x000000070ac00000, 0x000000070ac00000, 0x000000070ae00000|  0%| F|  |TAMS 0x000000070ac00000| PB 0x000000070ac00000| Untracked 
|  53|0x000000070ae00000, 0x000000070ae00000, 0x000000070b000000|  0%| F|  |TAMS 0x000000070ae00000| PB 0x000000070ae00000| Untracked 
|  54|0x000000070b000000, 0x000000070b000000, 0x000000070b200000|  0%| F|  |TAMS 0x000000070b000000| PB 0x000000070b000000| Untracked 
|  55|0x000000070b200000, 0x000000070b200000, 0x000000070b400000|  0%| F|  |TAMS 0x000000070b200000| PB 0x000000070b200000| Untracked 
|  56|0x000000070b400000, 0x000000070b400000, 0x000000070b600000|  0%| F|  |TAMS 0x000000070b400000| PB 0x000000070b400000| Untracked 
|  57|0x000000070b600000, 0x000000070b600000, 0x000000070b800000|  0%| F|  |TAMS 0x000000070b600000| PB 0x000000070b600000| Untracked 
|  58|0x000000070b800000, 0x000000070b800000, 0x000000070ba00000|  0%| F|  |TAMS 0x000000070b800000| PB 0x000000070b800000| Untracked 
|  59|0x000000070ba00000, 0x000000070ba00000, 0x000000070bc00000|  0%| F|  |TAMS 0x000000070ba00000| PB 0x000000070ba00000| Untracked 
|  60|0x000000070bc00000, 0x000000070bc00000, 0x000000070be00000|  0%| F|  |TAMS 0x000000070bc00000| PB 0x000000070bc00000| Untracked 
|  61|0x000000070be00000, 0x000000070be00000, 0x000000070c000000|  0%| F|  |TAMS 0x000000070be00000| PB 0x000000070be00000| Untracked 
|  62|0x000000070c000000, 0x000000070c000000, 0x000000070c200000|  0%| F|  |TAMS 0x000000070c000000| PB 0x000000070c000000| Untracked 
|  63|0x000000070c200000, 0x000000070c200000, 0x000000070c400000|  0%| F|  |TAMS 0x000000070c200000| PB 0x000000070c200000| Untracked 
|  64|0x000000070c400000, 0x000000070c400000, 0x000000070c600000|  0%| F|  |TAMS 0x000000070c400000| PB 0x000000070c400000| Untracked 
|  65|0x000000070c600000, 0x000000070c600000, 0x000000070c800000|  0%| F|  |TAMS 0x000000070c600000| PB 0x000000070c600000| Untracked 
|  66|0x000000070c800000, 0x000000070c800000, 0x000000070ca00000|  0%| F|  |TAMS 0x000000070c800000| PB 0x000000070c800000| Untracked 
|  67|0x000000070ca00000, 0x000000070ca00000, 0x000000070cc00000|  0%| F|  |TAMS 0x000000070ca00000| PB 0x000000070ca00000| Untracked 
|  68|0x000000070cc00000, 0x000000070cc00000, 0x000000070ce00000|  0%| F|  |TAMS 0x000000070cc00000| PB 0x000000070cc00000| Untracked 
|  69|0x000000070ce00000, 0x000000070ce00000, 0x000000070d000000|  0%| F|  |TAMS 0x000000070ce00000| PB 0x000000070ce00000| Untracked 
|  70|0x000000070d000000, 0x000000070d181890, 0x000000070d200000| 75%| E|  |TAMS 0x000000070d000000| PB 0x000000070d000000| Complete 
| 114|0x0000000712800000, 0x0000000712a00000, 0x0000000712a00000|100%| E|CS|TAMS 0x0000000712800000| PB 0x0000000712800000| Complete 
| 115|0x0000000712a00000, 0x0000000712c00000, 0x0000000712c00000|100%| E|CS|TAMS 0x0000000712a00000| PB 0x0000000712a00000| Complete 
| 125|0x0000000713e00000, 0x0000000714000000, 0x0000000714000000|100%| E|CS|TAMS 0x0000000713e00000| PB 0x0000000713e00000| Complete 

Card table byte_map: [0x0000017f21be0000,0x0000017f223c0000] _byte_map_base: 0x0000017f1e3be000

Marking Bits: (CMBitMap*) 0x0000017f098325a0
 Bits: [0x0000017f223c0000, 0x0000017f262b0000)

Polling page: 0x0000017f073e0000

Metaspace:

Usage:
  Non-class:     29.09 MB used.
      Class:      3.94 MB used.
       Both:     33.03 MB used.

Virtual space:
  Non-class space:       64.00 MB reserved,      29.38 MB ( 46%) committed,  1 nodes.
      Class space:        1.00 GB reserved,       4.12 MB ( <1%) committed,  1 nodes.
             Both:        1.06 GB reserved,      33.50 MB (  3%) committed. 

Chunk freelists:
   Non-Class:  2.35 MB
       Class:  11.89 MB
        Both:  14.24 MB

MaxMetaspaceSize: unlimited
CompressedClassSpaceSize: 1.00 GB
Initial GC threshold: 21.00 MB
Current GC threshold: 35.25 MB
CDS: on
 - commit_granule_bytes: 65536.
 - commit_granule_words: 8192.
 - virtual_space_node_default_size: 8388608.
 - enlarge_chunks_in_place: 1.
 - use_allocation_guard: 0.


Internal statistics:

num_allocs_failed_limit: 3.
num_arena_births: 656.
num_arena_deaths: 0.
num_vsnodes_births: 2.
num_vsnodes_deaths: 0.
num_space_committed: 536.
num_space_uncommitted: 0.
num_chunks_returned_to_freelist: 3.
num_chunks_taken_from_freelist: 1723.
num_chunk_merges: 3.
num_chunk_splits: 1147.
num_chunks_enlarged: 806.
num_inconsistent_stats: 0.

CodeHeap 'non-profiled nmethods': size=120000Kb used=2401Kb max_used=2401Kb free=117598Kb
 bounds [0x0000017f19970000, 0x0000017f19be0000, 0x0000017f20ea0000]
CodeHeap 'profiled nmethods': size=120000Kb used=8740Kb max_used=8740Kb free=111259Kb
 bounds [0x0000017f11ea0000, 0x0000017f12730000, 0x0000017f193d0000]
CodeHeap 'non-nmethods': size=5760Kb used=1697Kb max_used=1746Kb free=4062Kb
 bounds [0x0000017f193d0000, 0x0000017f19640000, 0x0000017f19970000]
 total_blobs=4613 nmethods=4061 adapters=456
 compilation: enabled
              stopped_count=0, restarted_count=0
 full_count=0

Compilation events (20 events):
Event: 2.111 Thread 0x0000017f28d218c0 nmethod 4056 0x0000017f12727390 code [0x0000017f12727540, 0x0000017f127276d0]
Event: 2.116 Thread 0x0000017f28d218c0 4058       3       java.lang.invoke.MethodHandles::identity (87 bytes)
Event: 2.116 Thread 0x0000017f28d218c0 nmethod 4058 0x0000017f12727790 code [0x0000017f127279a0, 0x0000017f12727de0]
Event: 2.120 Thread 0x0000017f28d218c0 4061       3       org.springframework.beans.factory.support.AbstractBeanFactory$$Lambda/0x0000017f2a35fdb0::accept (16 bytes)
Event: 2.120 Thread 0x0000017f28d218c0 nmethod 4061 0x0000017f12728010 code [0x0000017f12728200, 0x0000017f12728840]
Event: 2.120 Thread 0x0000017f28d218c0 4062       3       org.springframework.beans.factory.support.AbstractBeanFactory::lambda$clearMetadataCache$3 (14 bytes)
Event: 2.120 Thread 0x0000017f28d218c0 nmethod 4062 0x0000017f12728a90 code [0x0000017f12728c60, 0x0000017f12728ff8]
Event: 2.123 Thread 0x0000017f707833b0 nmethod 4046% 0x0000017f19bacc90 code [0x0000017f19bacf00, 0x0000017f19bae490]
Event: 2.123 Thread 0x0000017f707833b0 4050       4       org.springframework.beans.factory.support.AbstractBeanFactory::transformedBeanName (9 bytes)
Event: 2.128 Thread 0x0000017f707833b0 nmethod 4050 0x0000017f19baf290 code [0x0000017f19baf4a0, 0x0000017f19bafb50]
Event: 2.128 Thread 0x0000017f28d1d3f0 nmethod 4045 0x0000017f19bb0190 code [0x0000017f19bb0560, 0x0000017f19bb2b08]
Event: 2.128 Thread 0x0000017f707833b0 4051       4       org.springframework.beans.factory.support.AbstractBeanFactory::isTypeMatch (745 bytes)
Event: 2.128 Thread 0x0000017f28d1d3f0 4052       4       org.springframework.core.SimpleAliasRegistry::canonicalName (28 bytes)
Event: 2.132 Thread 0x0000017f28d1d3f0 nmethod 4052 0x0000017f19bb4210 code [0x0000017f19bb43e0, 0x0000017f19bb4938]
Event: 2.132 Thread 0x0000017f28d1d3f0 4060       4       org.springframework.core.ResolvableType::hasGenerics (14 bytes)
Event: 2.138 Thread 0x0000017f28d1d3f0 nmethod 4060 0x0000017f19bb4d10 code [0x0000017f19bb4f20, 0x0000017f19bb58d8]
Event: 2.138 Thread 0x0000017f28d1d3f0 4053       4       org.springframework.core.ResolvableType::isInstance (21 bytes)
Event: 2.140 Thread 0x0000017f28d1d3f0 nmethod 4053 0x0000017f19bb5c90 code [0x0000017f19bb5e60, 0x0000017f19bb60e0]
Event: 2.152 Thread 0x0000017f6e4531b0 nmethod 3959 0x0000017f19bb6390 code [0x0000017f19bb6c80, 0x0000017f19bbbd08]
Event: 2.201 Thread 0x0000017f707833b0 nmethod 4051 0x0000017f19bbff90 code [0x0000017f19bc0620, 0x0000017f19bc4ca8]

GC Heap History (14 events):
Event: 0.469 GC heap before
{Heap before GC invocations=0 (full 0):
 garbage-first heap   total 258048K, used 22528K [0x0000000704400000, 0x0000000800000000)
  region size 2048K, 11 young (22528K), 0 survivors (0K)
 Metaspace       used 8073K, committed 8256K, reserved 1114112K
  class space    used 800K, committed 896K, reserved 1048576K
}
Event: 0.472 GC heap after
{Heap after GC invocations=1 (full 0):
 garbage-first heap   total 258048K, used 4339K [0x0000000704400000, 0x0000000800000000)
  region size 2048K, 2 young (4096K), 2 survivors (4096K)
 Metaspace       used 8073K, committed 8256K, reserved 1114112K
  class space    used 800K, committed 896K, reserved 1048576K
}
Event: 0.845 GC heap before
{Heap before GC invocations=1 (full 0):
 garbage-first heap   total 258048K, used 35059K [0x0000000704400000, 0x0000000800000000)
  region size 2048K, 18 young (36864K), 2 survivors (4096K)
 Metaspace       used 16507K, committed 16832K, reserved 1114112K
  class space    used 1842K, committed 1984K, reserved 1048576K
}
Event: 0.849 GC heap after
{Heap after GC invocations=2 (full 0):
 garbage-first heap   total 258048K, used 7000K [0x0000000704400000, 0x0000000800000000)
  region size 2048K, 2 young (4096K), 2 survivors (4096K)
 Metaspace       used 16507K, committed 16832K, reserved 1114112K
  class space    used 1842K, committed 1984K, reserved 1048576K
}
Event: 0.953 GC heap before
{Heap before GC invocations=2 (full 0):
 garbage-first heap   total 258048K, used 23384K [0x0000000704400000, 0x0000000800000000)
  region size 2048K, 12 young (24576K), 2 survivors (4096K)
 Metaspace       used 21192K, committed 21504K, reserved 1114112K
  class space    used 2432K, committed 2560K, reserved 1048576K
}
Event: 0.955 GC heap after
{Heap after GC invocations=3 (full 0):
 garbage-first heap   total 258048K, used 7982K [0x0000000704400000, 0x0000000800000000)
  region size 2048K, 2 young (4096K), 2 survivors (4096K)
 Metaspace       used 21192K, committed 21504K, reserved 1114112K
  class space    used 2432K, committed 2560K, reserved 1048576K
}
Event: 1.220 GC heap before
{Heap before GC invocations=4 (full 0):
 garbage-first heap   total 34816K, used 32558K [0x0000000704400000, 0x0000000800000000)
  region size 2048K, 14 young (28672K), 2 survivors (4096K)
 Metaspace       used 24223K, committed 24704K, reserved 1114112K
  class space    used 2782K, committed 3008K, reserved 1048576K
}
Event: 1.224 GC heap after
{Heap after GC invocations=5 (full 0):
 garbage-first heap   total 43008K, used 11459K [0x0000000704400000, 0x0000000800000000)
  region size 2048K, 4 young (8192K), 4 survivors (8192K)
 Metaspace       used 24223K, committed 24704K, reserved 1114112K
  class space    used 2782K, committed 3008K, reserved 1048576K
}
Event: 1.424 GC heap before
{Heap before GC invocations=5 (full 0):
 garbage-first heap   total 43008K, used 27843K [0x0000000704400000, 0x0000000800000000)
  region size 2048K, 12 young (24576K), 4 survivors (8192K)
 Metaspace       used 25469K, committed 25856K, reserved 1114112K
  class space    used 2927K, committed 3136K, reserved 1048576K
}
Event: 1.430 GC heap after
{Heap after GC invocations=6 (full 0):
 garbage-first heap   total 43008K, used 11638K [0x0000000704400000, 0x0000000800000000)
  region size 2048K, 1 young (2048K), 1 survivors (2048K)
 Metaspace       used 25469K, committed 25856K, reserved 1114112K
  class space    used 2927K, committed 3136K, reserved 1048576K
}
Event: 1.722 GC heap before
{Heap before GC invocations=6 (full 0):
 garbage-first heap   total 43008K, used 32118K [0x0000000704400000, 0x0000000800000000)
  region size 2048K, 11 young (22528K), 1 survivors (2048K)
 Metaspace       used 28333K, committed 28800K, reserved 1114112K
  class space    used 3306K, committed 3520K, reserved 1048576K
}
Event: 1.726 GC heap after
{Heap after GC invocations=7 (full 0):
 garbage-first heap   total 43008K, used 13086K [0x0000000704400000, 0x0000000800000000)
  region size 2048K, 2 young (4096K), 2 survivors (4096K)
 Metaspace       used 28333K, committed 28800K, reserved 1114112K
  class space    used 3306K, committed 3520K, reserved 1048576K
}
Event: 2.019 GC heap before
{Heap before GC invocations=7 (full 0):
 garbage-first heap   total 43008K, used 31518K [0x0000000704400000, 0x0000000800000000)
  region size 2048K, 12 young (24576K), 2 survivors (4096K)
 Metaspace       used 32957K, committed 33408K, reserved 1114112K
  class space    used 3907K, committed 4096K, reserved 1048576K
}
Event: 2.024 GC heap after
{Heap after GC invocations=8 (full 0):
 garbage-first heap   total 151552K, used 15068K [0x0000000704400000, 0x0000000800000000)
  region size 2048K, 2 young (4096K), 2 survivors (4096K)
 Metaspace       used 32957K, committed 33408K, reserved 1114112K
  class space    used 3907K, committed 4096K, reserved 1048576K
}

Dll operation events (11 events):
Event: 0.008 Loaded shared library C:\Users\sachi\.jdks\corretto-21.0.6\bin\java.dll
Event: 0.009 Loaded shared library C:\Users\sachi\.jdks\corretto-21.0.6\bin\zip.dll
Event: 0.037 Loaded shared library C:\Users\sachi\.jdks\corretto-21.0.6\bin\jsvml.dll
Event: 0.098 Loaded shared library C:\Users\sachi\.jdks\corretto-21.0.6\bin\instrument.dll
Event: 0.164 Loaded shared library C:\Users\sachi\.jdks\corretto-21.0.6\bin\net.dll
Event: 0.165 Loaded shared library C:\Users\sachi\.jdks\corretto-21.0.6\bin\nio.dll
Event: 0.171 Loaded shared library C:\Users\sachi\.jdks\corretto-21.0.6\bin\zip.dll
Event: 0.239 Loaded shared library C:\Users\sachi\.jdks\corretto-21.0.6\bin\jimage.dll
Event: 1.028 Loaded shared library C:\Users\sachi\.jdks\corretto-21.0.6\bin\sunmscapi.dll
Event: 1.906 Loaded shared library C:\Users\sachi\.jdks\corretto-21.0.6\bin\management.dll
Event: 1.907 Loaded shared library C:\Users\sachi\.jdks\corretto-21.0.6\bin\management_ext.dll

Deoptimization events (20 events):
Event: 2.104 Thread 0x0000017f097c5c60 DEOPT PACKING pc=0x0000017f11fc8864 sp=0x00000062fc5fdd10
Event: 2.104 Thread 0x0000017f097c5c60 DEOPT UNPACKING pc=0x0000017f194288e2 sp=0x00000062fc5fd1c8 mode 1
Event: 2.105 Thread 0x0000017f097c5c60 DEOPT PACKING pc=0x0000017f11fc8ef9 sp=0x00000062fc5fdd40
Event: 2.105 Thread 0x0000017f097c5c60 DEOPT UNPACKING pc=0x0000017f194288e2 sp=0x00000062fc5fd198 mode 1
Event: 2.105 Thread 0x0000017f097c5c60 DEOPT PACKING pc=0x0000017f11fc8864 sp=0x00000062fc5fddd0
Event: 2.105 Thread 0x0000017f097c5c60 DEOPT UNPACKING pc=0x0000017f194288e2 sp=0x00000062fc5fd288 mode 1
Event: 2.106 Thread 0x0000017f097c5c60 Uncommon trap: trap_request=0xffffff54 fr.pc=0x0000017f19ae2214 relative=0x00000000000002f4
Event: 2.107 Thread 0x0000017f097c5c60 Uncommon trap: reason=speculate_null_assert action=make_not_entrant pc=0x0000017f19ae2214 method=org.springframework.core.SimpleAliasRegistry.canonicalName(Ljava/lang/String;)Ljava/lang/String; @ 17 c2
Event: 2.107 Thread 0x0000017f097c5c60 DEOPT PACKING pc=0x0000017f19ae2214 sp=0x00000062fc5ff290
Event: 2.107 Thread 0x0000017f097c5c60 DEOPT UNPACKING pc=0x0000017f19427da2 sp=0x00000062fc5ff218 mode 2
Event: 2.107 Thread 0x0000017f097c5c60 Uncommon trap: trap_request=0xffffff54 fr.pc=0x0000017f19b9fac4 relative=0x00000000000002a4
Event: 2.107 Thread 0x0000017f097c5c60 Uncommon trap: reason=speculate_null_assert action=make_not_entrant pc=0x0000017f19b9fac4 method=org.springframework.core.SimpleAliasRegistry.canonicalName(Ljava/lang/String;)Ljava/lang/String; @ 17 c2
Event: 2.107 Thread 0x0000017f097c5c60 DEOPT PACKING pc=0x0000017f19b9fac4 sp=0x00000062fc5ff1c0
Event: 2.107 Thread 0x0000017f097c5c60 DEOPT UNPACKING pc=0x0000017f19427da2 sp=0x00000062fc5ff0d8 mode 2
Event: 2.113 Thread 0x0000017f097c5c60 DEOPT PACKING pc=0x0000017f12534c24 sp=0x00000062fc5fde10
Event: 2.113 Thread 0x0000017f097c5c60 DEOPT UNPACKING pc=0x0000017f194288e2 sp=0x00000062fc5fd378 mode 1
Event: 2.113 Thread 0x0000017f097c5c60 DEOPT PACKING pc=0x0000017f12534c24 sp=0x00000062fc5fde10
Event: 2.113 Thread 0x0000017f097c5c60 DEOPT UNPACKING pc=0x0000017f194288e2 sp=0x00000062fc5fd378 mode 1
Event: 11.740 Thread 0x0000017f097c5c60 DEOPT PACKING pc=0x0000017f12342c1c sp=0x00000062fc5fe5d0
Event: 11.740 Thread 0x0000017f097c5c60 DEOPT UNPACKING pc=0x0000017f194288e2 sp=0x00000062fc5fda88 mode 0

Classes loaded (20 events):
Event: 2.116 Loading class org/springframework/core/task/TaskDecorator
Event: 2.116 Loading class org/springframework/core/task/TaskDecorator done
Event: 2.116 Loading class org/springframework/core/task/TaskDecorator
Event: 2.116 Loading class org/springframework/core/task/TaskDecorator done
Event: 2.117 Loading class java/util/concurrent/CompletableFuture
Event: 2.117 Loading class java/util/concurrent/CompletionStage
Event: 2.117 Loading class java/util/concurrent/CompletionStage done
Event: 2.117 Loading class java/util/concurrent/CompletableFuture done
Event: 2.118 Loading class org/springframework/scheduling/concurrent/ExecutorLifecycleDelegate
Event: 2.118 Loading class org/springframework/scheduling/concurrent/ExecutorLifecycleDelegate done
Event: 2.119 Loading class org/springframework/beans/factory/BeanFactoryInitializer
Event: 2.119 Loading class org/springframework/beans/factory/BeanFactoryInitializer done
Event: 2.119 Loading class org/springframework/context/weaving/LoadTimeWeaverAware
Event: 2.119 Loading class org/springframework/context/weaving/LoadTimeWeaverAware done
Event: 2.120 Loading class org/springframework/beans/factory/support/DefaultListableBeanFactory$3
Event: 2.120 Loading class org/springframework/beans/factory/support/DefaultListableBeanFactory$3 done
Event: 12.267 Loading class com/intellij/rt/debugger/BatchEvaluatorServer
Event: 12.267 Loading class com/intellij/rt/debugger/BatchEvaluatorServer done
Event: 21.331 Loading class org/apache/catalina/webresources/CachedResource
Event: 21.331 Loading class org/apache/catalina/webresources/CachedResource done

Classes unloaded (0 events):
No events

Classes redefined (1 events):
Event: 0.114 Thread 0x0000017f28ceb9e0 redefined class name=java.lang.Throwable, count=1

Internal exceptions (20 events):
Event: 1.763 Thread 0x0000017f097c5c60 Exception <a 'java/lang/NoSuchMethodError'{0x0000000712a283d8}: 'void java.lang.invoke.DirectMethodHandle$Holder.invokeStatic(java.lang.Object, java.lang.Object, java.lang.Object, int, java.lang.Object)'> (0x0000000712a283d8) 
thrown [s\src\hotspot\share\interpreter\linkResolver.cpp, line 773]
Event: 1.764 Thread 0x0000017f097c5c60 Exception <a 'java/lang/NoSuchMethodError'{0x0000000712a2ec98}: 'java.lang.Object java.lang.invoke.DirectMethodHandle$Holder.newInvokeSpecial(java.lang.Object, java.lang.Object, java.lang.Object, int)'> (0x0000000712a2ec98) 
thrown [s\src\hotspot\share\interpreter\linkResolver.cpp, line 773]
Event: 1.764 Thread 0x0000017f097c5c60 Exception <a 'java/lang/NoSuchMethodError'{0x0000000712a32b68}: 'java.lang.Object java.lang.invoke.DirectMethodHandle$Holder.invokeSpecial(java.lang.Object, java.lang.Object, java.lang.Object, java.lang.Object, int)'> (0x0000000712a32b68) 
thrown [s\src\hotspot\share\interpreter\linkResolver.cpp, line 773]
Event: 1.764 Thread 0x0000017f097c5c60 Exception <a 'java/lang/NoSuchMethodError'{0x0000000712a36020}: 'java.lang.Object java.lang.invoke.Invokers$Holder.linkToTargetMethod(java.lang.Object, java.lang.Object, int, java.lang.Object)'> (0x0000000712a36020) 
thrown [s\src\hotspot\share\interpreter\linkResolver.cpp, line 773]
Event: 1.813 Thread 0x0000017f097c5c60 Exception <a 'java/lang/NoSuchMethodError'{0x0000000712951380}: 'java.lang.Object java.lang.invoke.DirectMethodHandle$Holder.invokeStaticInit(java.lang.Object, int, int, int, int)'> (0x0000000712951380) 
thrown [s\src\hotspot\share\interpreter\linkResolver.cpp, line 773]
Event: 1.829 Thread 0x0000017f097c5c60 Exception <a 'java/lang/NoSuchMethodError'{0x000000070663df58}: 'java.lang.Object java.lang.invoke.DirectMethodHandle$Holder.invokeStaticInit(java.lang.Object, java.lang.Object, int, int, int, int)'> (0x000000070663df58) 
thrown [s\src\hotspot\share\interpreter\linkResolver.cpp, line 773]
Event: 1.889 Thread 0x0000017f097c5c60 Exception <a 'java/lang/NoSuchMethodError'{0x0000000706312c68}: 'int java.lang.invoke.DirectMethodHandle$Holder.invokeVirtual(java.lang.Object, java.lang.Object, java.lang.Object, java.lang.Object)'> (0x0000000706312c68) 
thrown [s\src\hotspot\share\interpreter\linkResolver.cpp, line 773]
Event: 1.889 Thread 0x0000017f097c5c60 Exception <a 'java/lang/NoSuchMethodError'{0x0000000706316710}: 'int java.lang.invoke.DelegatingMethodHandle$Holder.reinvoke_L(java.lang.Object, java.lang.Object, java.lang.Object, java.lang.Object)'> (0x0000000706316710) 
thrown [s\src\hotspot\share\interpreter\linkResolver.cpp, line 773]
Event: 1.914 Thread 0x0000017f097c5c60 Exception <a 'java/io/FileNotFoundException'{0x0000000706087cb8}> (0x0000000706087cb8) 
thrown [s\src\hotspot\share\prims\jni.cpp, line 520]
Event: 1.944 Thread 0x0000017f097c5c60 Exception <a 'java/lang/NoSuchMethodError'{0x0000000705eb7390}: 'int java.lang.invoke.DirectMethodHandle$Holder.invokeInterface(java.lang.Object, java.lang.Object, java.lang.Object, java.lang.Object)'> (0x0000000705eb7390) 
thrown [s\src\hotspot\share\interpreter\linkResolver.cpp, line 773]
Event: 1.975 Thread 0x0000017f097c5c60 Exception <a 'java/lang/NoSuchMethodError'{0x0000000705d03880}: 'java.lang.Object java.lang.invoke.DirectMethodHandle$Holder.invokeStaticInit(java.lang.Object, java.lang.Object, java.lang.Object, java.lang.Object)'> (0x0000000705d03880) 
thrown [s\src\hotspot\share\interpreter\linkResolver.cpp, line 773]
Event: 1.976 Thread 0x0000017f097c5c60 Exception <a 'java/lang/IncompatibleClassChangeError'{0x0000000705d15cb0}: Found class java.lang.Object, but interface was expected> (0x0000000705d15cb0) 
thrown [s\src\hotspot\share\interpreter\linkResolver.cpp, line 840]
Event: 1.977 Thread 0x0000017f097c5c60 Exception <a 'java/lang/IncompatibleClassChangeError'{0x0000000705d234a8}: Found class java.lang.Object, but interface was expected> (0x0000000705d234a8) 
thrown [s\src\hotspot\share\interpreter\linkResolver.cpp, line 840]
Event: 2.005 Thread 0x0000017f097c5c60 Exception <a 'java/lang/NoSuchMethodError'{0x0000000705b4e4f8}: 'java.lang.Object java.lang.invoke.DirectMethodHandle$Holder.invokeStatic(java.lang.Object, java.lang.Object, java.lang.Object, java.lang.Object, int, java.lang.Object)'> (0x0000000705b4e4f8) 
thrown [s\src\hotspot\share\interpreter\linkResolver.cpp, line 773]
Event: 2.006 Thread 0x0000017f097c5c60 Exception <a 'java/lang/NoSuchMethodError'{0x0000000705b55fe8}: 'java.lang.Object java.lang.invoke.DirectMethodHandle$Holder.newInvokeSpecial(java.lang.Object, java.lang.Object, java.lang.Object, java.lang.Object, int)'> (0x0000000705b55fe8) 
thrown [s\src\hotspot\share\interpreter\linkResolver.cpp, line 773]
Event: 2.006 Thread 0x0000017f097c5c60 Exception <a 'java/lang/NoSuchMethodError'{0x0000000705b5a588}: 'java.lang.Object java.lang.invoke.DirectMethodHandle$Holder.invokeSpecial(java.lang.Object, java.lang.Object, java.lang.Object, java.lang.Object, java.lang.Object, int)'> (0x0000000705b5a588) 
thrown [s\src\hotspot\share\interpreter\linkResolver.cpp, line 773]
Event: 2.006 Thread 0x0000017f097c5c60 Exception <a 'java/lang/NoSuchMethodError'{0x0000000705b5e3c8}: 'java.lang.Object java.lang.invoke.Invokers$Holder.linkToTargetMethod(java.lang.Object, java.lang.Object, java.lang.Object, int, java.lang.Object)'> (0x0000000705b5e3c8) 
thrown [s\src\hotspot\share\interpreter\linkResolver.cpp, line 773]
Event: 2.090 Thread 0x0000017f097c5c60 Exception <a 'java/lang/NoSuchMethodError'{0x0000000712bfe980}: 'long java.lang.invoke.DirectMethodHandle$Holder.invokeVirtual(java.lang.Object, java.lang.Object)'> (0x0000000712bfe980) 
thrown [s\src\hotspot\share\interpreter\linkResolver.cpp, line 773]
Event: 2.116 Thread 0x0000017f097c5c60 Exception <a 'java/lang/NoSuchMethodError'{0x000000070d0c6e50}: 'void java.lang.invoke.DirectMethodHandle$Holder.invokeVirtual(java.lang.Object, java.lang.Object, long)'> (0x000000070d0c6e50) 
thrown [s\src\hotspot\share\interpreter\linkResolver.cpp, line 773]
Event: 12.267 Thread 0x0000017f097c5c60 Exception <a 'java/lang/ClassNotFoundException'{0x000000070d102950}: com/intellij/rt/debugger/BatchEvaluatorServer> (0x000000070d102950) 
thrown [s\src\hotspot\share\classfile\systemDictionary.cpp, line 312]

ZGC Phase Switch (0 events):
No events

VM Operations (20 events):
Event: 2.072 Executing VM operation: HandshakeAllThreads (Deoptimize)
Event: 2.072 Executing VM operation: HandshakeAllThreads (Deoptimize) done
Event: 2.097 Executing VM operation: HandshakeAllThreads (Deoptimize)
Event: 2.097 Executing VM operation: HandshakeAllThreads (Deoptimize) done
Event: 2.158 Executing VM operation: get/set locals
Event: 2.158 Executing VM operation: get/set locals done
Event: 11.740 Executing VM operation: ChangeSingleStep
Event: 11.740 Executing VM operation: ChangeSingleStep done
Event: 11.740 Executing VM operation: ChangeSingleStep
Event: 11.740 Executing VM operation: ChangeSingleStep done
Event: 12.139 Executing VM operation: get/set locals
Event: 12.139 Executing VM operation: get/set locals done
Event: 12.164 Executing VM operation: get/set locals
Event: 12.164 Executing VM operation: get/set locals done
Event: 12.164 Executing VM operation: get/set locals
Event: 12.164 Executing VM operation: get/set locals done
Event: 18.305 Executing VM operation: ChangeBreakpoints
Event: 18.305 Executing VM operation: ChangeBreakpoints done
Event: 21.327 Executing VM operation: ChangeSingleStep
Event: 21.327 Executing VM operation: ChangeSingleStep done

Memory protections (0 events):
No events

Nmethod flushes (0 events):
No events

Events (20 events):
Event: 0.035 Thread 0x0000017f097c5c60 Thread added: 0x0000017f28d18010
Event: 0.035 Thread 0x0000017f097c5c60 Thread added: 0x0000017f28d1bf30
Event: 0.035 Thread 0x0000017f097c5c60 Thread added: 0x0000017f28d1d3f0
Event: 0.035 Thread 0x0000017f097c5c60 Thread added: 0x0000017f28d218c0
Event: 0.071 Thread 0x0000017f097c5c60 Thread added: 0x0000017f28d197d0
Event: 0.088 Thread 0x0000017f097c5c60 Thread added: 0x0000017f6e21b300
Event: 0.088 Thread 0x0000017f097c5c60 Thread added: 0x0000017f6e2479b0
Event: 0.089 Thread 0x0000017f6e21b300 Thread added: 0x0000017f6e2482a0
Event: 0.119 Thread 0x0000017f097c5c60 Thread added: 0x0000017f28d1ab80
Event: 0.195 Thread 0x0000017f28d218c0 Thread added: 0x0000017f6e4531b0
Event: 0.774 Thread 0x0000017f097c5c60 Thread added: 0x0000017f6eb07350
Event: 1.003 Thread 0x0000017f097c5c60 Thread added: 0x0000017f70307a20
Event: 1.012 Thread 0x0000017f28d218c0 Thread added: 0x0000017f707833b0
Event: 1.039 Thread 0x0000017f6eb07350 Thread exited: 0x0000017f6eb07350
Event: 1.045 Thread 0x0000017f70307a20 Thread exited: 0x0000017f70307a20
Event: 2.102 Thread 0x0000017f097c5c60 Thread added: 0x0000017f735384f0
Event: 2.102 Thread 0x0000017f735384f0 Thread added: 0x0000017f7353e0d0
Event: 2.105 Thread 0x0000017f097c5c60 Thread added: 0x0000017f7353e760
Event: 7.211 Thread 0x0000017f707833b0 Thread exited: 0x0000017f707833b0
Event: 12.179 Thread 0x0000017f6e4531b0 Thread exited: 0x0000017f6e4531b0


Dynamic libraries:
0x00007ff762480000 - 0x00007ff76248e000 	C:\Users\sachi\.jdks\corretto-21.0.6\bin\java.exe
0x00007ffaf6ba0000 - 0x00007ffaf6e07000 	C:\WINDOWS\SYSTEM32\ntdll.dll
0x00007ffaf5cf0000 - 0x00007ffaf5db9000 	C:\WINDOWS\System32\KERNEL32.DLL
0x00007ffaf42f0000 - 0x00007ffaf46e0000 	C:\WINDOWS\System32\KERNELBASE.dll
0x00007ffaf3cd0000 - 0x00007ffaf3e1b000 	C:\WINDOWS\System32\ucrtbase.dll
0x00007ffaee7a0000 - 0x00007ffaee7b8000 	C:\Users\sachi\.jdks\corretto-21.0.6\bin\jli.dll
0x00007ffae1e40000 - 0x00007ffae1e5b000 	C:\Users\sachi\.jdks\corretto-21.0.6\bin\VCRUNTIME140.dll
0x00007ffaf6270000 - 0x00007ffaf6435000 	C:\WINDOWS\System32\USER32.dll
0x00007ffaf46f0000 - 0x00007ffaf4717000 	C:\WINDOWS\System32\win32u.dll
0x00007ffad70b0000 - 0x00007ffad734a000 	C:\WINDOWS\WinSxS\amd64_microsoft.windows.common-controls_6595b64144ccf1df_6.0.26100.4768_none_3e0c112ce331287c\COMCTL32.dll
0x00007ffaf6180000 - 0x00007ffaf61ab000 	C:\WINDOWS\System32\GDI32.dll
0x00007ffaf4b20000 - 0x00007ffaf4bc9000 	C:\WINDOWS\System32\msvcrt.dll
0x00007ffaf3ee0000 - 0x00007ffaf4018000 	C:\WINDOWS\System32\gdi32full.dll
0x00007ffaf40c0000 - 0x00007ffaf4163000 	C:\WINDOWS\System32\msvcp_win.dll
0x00007ffaf6110000 - 0x00007ffaf613f000 	C:\WINDOWS\System32\IMM32.DLL
0x00007ffaee900000 - 0x00007ffaee90c000 	C:\Users\sachi\.jdks\corretto-21.0.6\bin\vcruntime140_1.dll
0x00007ffaddab0000 - 0x00007ffaddb3d000 	C:\Users\sachi\.jdks\corretto-21.0.6\bin\msvcp140.dll
0x00007ffa18330000 - 0x00007ffa190cf000 	C:\Users\sachi\.jdks\corretto-21.0.6\bin\server\jvm.dll
0x00007ffaf69a0000 - 0x00007ffaf6a54000 	C:\WINDOWS\System32\ADVAPI32.dll
0x00007ffaf61b0000 - 0x00007ffaf6256000 	C:\WINDOWS\System32\sechost.dll
0x00007ffaf5bd0000 - 0x00007ffaf5ce8000 	C:\WINDOWS\System32\RPCRT4.dll
0x00007ffaf4aa0000 - 0x00007ffaf4b14000 	C:\WINDOWS\System32\WS2_32.dll
0x00007ffaf28b0000 - 0x00007ffaf290e000 	C:\WINDOWS\SYSTEM32\POWRPROF.dll
0x00007ffae65f0000 - 0x00007ffae6625000 	C:\WINDOWS\SYSTEM32\WINMM.dll
0x00007ffae9f50000 - 0x00007ffae9f5b000 	C:\WINDOWS\SYSTEM32\VERSION.dll
0x00007ffaf2890000 - 0x00007ffaf28a4000 	C:\WINDOWS\SYSTEM32\UMPDC.dll
0x00007ffaf2b70000 - 0x00007ffaf2b8b000 	C:\WINDOWS\SYSTEM32\kernel.appcore.dll
0x00007ffaee8e0000 - 0x00007ffaee8ea000 	C:\Users\sachi\.jdks\corretto-21.0.6\bin\jimage.dll
0x00007ffaf12f0000 - 0x00007ffaf1531000 	C:\WINDOWS\SYSTEM32\DBGHELP.DLL
0x00007ffaf55e0000 - 0x00007ffaf5965000 	C:\WINDOWS\System32\combase.dll
0x00007ffaf6a60000 - 0x00007ffaf6b40000 	C:\WINDOWS\System32\OLEAUT32.dll
0x00007ffad4dd0000 - 0x00007ffad4e13000 	C:\WINDOWS\SYSTEM32\dbgcore.DLL
0x00007ffaf4020000 - 0x00007ffaf40b9000 	C:\WINDOWS\System32\bcryptPrimitives.dll
0x00007ffadda50000 - 0x00007ffadda8c000 	C:\Users\sachi\.jdks\corretto-21.0.6\bin\jdwp.dll
0x00007ffaee790000 - 0x00007ffaee79e000 	C:\Users\sachi\.jdks\corretto-21.0.6\bin\instrument.dll
0x00007ffadda90000 - 0x00007ffaddaaf000 	C:\Users\sachi\.jdks\corretto-21.0.6\bin\java.dll
0x00007ffadda30000 - 0x00007ffadda48000 	C:\Users\sachi\.jdks\corretto-21.0.6\bin\zip.dll
0x00007ffaf4bd0000 - 0x00007ffaf531d000 	C:\WINDOWS\System32\SHELL32.dll
0x00007ffaf4170000 - 0x00007ffaf42e3000 	C:\WINDOWS\System32\wintypes.dll
0x00007ffaf18b0000 - 0x00007ffaf2110000 	C:\WINDOWS\SYSTEM32\windows.storage.dll
0x00007ffaf54e0000 - 0x00007ffaf55d5000 	C:\WINDOWS\System32\SHCORE.dll
0x00007ffaf5970000 - 0x00007ffaf59da000 	C:\WINDOWS\System32\shlwapi.dll
0x00007ffaf3bf0000 - 0x00007ffaf3c19000 	C:\WINDOWS\SYSTEM32\profapi.dll
0x00007ffada8f0000 - 0x00007ffada9c7000 	C:\Users\sachi\.jdks\corretto-21.0.6\bin\jsvml.dll
0x00007ffaee6f0000 - 0x00007ffaee6fb000 	C:\Users\sachi\.jdks\corretto-21.0.6\bin\dt_socket.dll
0x00007ffaf2520000 - 0x00007ffaf2553000 	C:\WINDOWS\SYSTEM32\IPHLPAPI.DLL
0x00007ffaf3100000 - 0x00007ffaf316b000 	C:\WINDOWS\system32\mswsock.dll
0x00007ffaee730000 - 0x00007ffaee740000 	C:\Users\sachi\.jdks\corretto-21.0.6\bin\net.dll
0x00007ffaeb6e0000 - 0x00007ffaeb7fe000 	C:\WINDOWS\SYSTEM32\WINHTTP.dll
0x00007ffadda10000 - 0x00007ffadda26000 	C:\Users\sachi\.jdks\corretto-21.0.6\bin\nio.dll
0x00007ffae1e30000 - 0x00007ffae1e3e000 	C:\Users\sachi\.jdks\corretto-21.0.6\bin\sunmscapi.dll
0x00007ffaf47b0000 - 0x00007ffaf4927000 	C:\WINDOWS\System32\CRYPT32.dll
0x00007ffaf35e0000 - 0x00007ffaf3610000 	C:\WINDOWS\SYSTEM32\ncrypt.dll
0x00007ffaf3590000 - 0x00007ffaf35cf000 	C:\WINDOWS\SYSTEM32\NTASN1.dll
0x00007ffaf33c0000 - 0x00007ffaf33db000 	C:\WINDOWS\SYSTEM32\CRYPTSP.dll
0x00007ffaf2ad0000 - 0x00007ffaf2b0b000 	C:\WINDOWS\system32\rsaenh.dll
0x00007ffaf31a0000 - 0x00007ffaf31cb000 	C:\WINDOWS\SYSTEM32\USERENV.dll
0x00007ffaf3bc0000 - 0x00007ffaf3be6000 	C:\WINDOWS\SYSTEM32\bcrypt.dll
0x00007ffaf33e0000 - 0x00007ffaf33ec000 	C:\WINDOWS\SYSTEM32\CRYPTBASE.dll
0x00007ffaf68d0000 - 0x00007ffaf68da000 	C:\WINDOWS\System32\NSI.dll
0x00007ffada8e0000 - 0x00007ffada8e9000 	C:\Users\sachi\.jdks\corretto-21.0.6\bin\management.dll
0x00007ffada8d0000 - 0x00007ffada8db000 	C:\Users\sachi\.jdks\corretto-21.0.6\bin\management_ext.dll
0x00007ffaf6b50000 - 0x00007ffaf6b58000 	C:\WINDOWS\System32\PSAPI.DLL

dbghelp: loaded successfully - version: 4.0.5 - missing functions: none
symbol engine: initialized successfully - sym options: 0x614 - pdb path: .;C:\Users\sachi\.jdks\corretto-21.0.6\bin;C:\WINDOWS\SYSTEM32;C:\WINDOWS\WinSxS\amd64_microsoft.windows.common-controls_6595b64144ccf1df_6.0.26100.4768_none_3e0c112ce331287c;C:\Users\sachi\.jdks\corretto-21.0.6\bin\server

VM Arguments:
jvm_args: -agentlib:jdwp=transport=dt_socket,address=127.0.0.1:55698,suspend=y,server=n -javaagent:C:\Users\sachi\AppData\Local\JetBrains\IdeaIC2024.3\captureAgent\debugger-agent.jar -Dkotlinx.coroutines.debug.enable.creation.stack.trace=false -Ddebugger.agent.enable.coroutines=true -Dkotlinx.coroutines.debug.enable.flows.stack.trace=true -Dkotlinx.coroutines.debug.enable.mutable.state.flows.stack.trace=true -Dfile.encoding=UTF-8 -Dsun.stdout.encoding=UTF-8 -Dsun.stderr.encoding=UTF-8 
java_command: com.spring.boot.service1.Service1Application
java_class_path (initial): C:\Users\sachi\OneDrive\Desktop\microservices-monitoring-logging\services\spring-boot-service\service1\target\classes;C:\Users\sachi\.m2\repository\org\springframework\boot\spring-boot-starter-actuator\3.5.5\spring-boot-starter-actuator-3.5.5.jar;C:\Users\sachi\.m2\repository\org\springframework\boot\spring-boot-starter\3.5.5\spring-boot-starter-3.5.5.jar;C:\Users\sachi\.m2\repository\org\springframework\boot\spring-boot\3.5.5\spring-boot-3.5.5.jar;C:\Users\sachi\.m2\repository\org\springframework\boot\spring-boot-autoconfigure\3.5.5\spring-boot-autoconfigure-3.5.5.jar;C:\Users\sachi\.m2\repository\org\springframework\boot\spring-boot-starter-logging\3.5.5\spring-boot-starter-logging-3.5.5.jar;C:\Users\sachi\.m2\repository\ch\qos\logback\logback-classic\1.5.18\logback-classic-1.5.18.jar;C:\Users\sachi\.m2\repository\ch\qos\logback\logback-core\1.5.18\logback-core-1.5.18.jar;C:\Users\sachi\.m2\repository\org\apache\logging\log4j\log4j-to-slf4j\2.24.3\log4j-to-slf4j-2.24.3.jar;C:\Users\sachi\.m2\repository\org\apache\logging\log4j\log4j-api\2.24.3\log4j-api-2.24.3.jar;C:\Users\sachi\.m2\repository\org\slf4j\jul-to-slf4j\2.0.17\jul-to-slf4j-2.0.17.jar;C:\Users\sachi\.m2\repository\jakarta\annotation\jakarta.annotation-api\2.1.1\jakarta.annotation-api-2.1.1.jar;C:\Users\sachi\.m2\repository\org\yaml\snakeyaml\2.4\snakeyaml-2.4.jar;C:\Users\sachi\.m2\repository\org\springframework\boot\spring-boot-actuator-autoconfigure\3.5.5\spring-boot-actuator-autoconfigure-3.5.5.jar;C:\Users\sachi\.m2\repository\org\springframework\boot\spring-boot-actuator\3.5.5\spring-boot-actuator-3.5.5.jar;C:\Users\sachi\.m2\repository\com\fasterxml\jackson\core\jackson-databind\2.19.2\jackson-databind-2.19.2.jar;C:\Users\sachi\.m2\repository\com\fasterxml\jackson\core\jackson-annotations\2.19.2\jackson-annotations-2.19.2.jar;C:\Users\sachi\.m2\repository\com\fasterxml\jackson\core\jackson-core\2.19.2\jackson-core-2.19.2.jar;C:\Users\sachi\.m2\repository\com\fasterxml\jackson\datatype\jackson-datatype-jsr310\2.19.2\jackson-datatype-jsr310-2.19.2.jar;C:\Users\sachi\.m2\repository\io\micrometer\micrometer-observation\1.15.3\micrometer-observation-1.15.3.jar;C:\Users\sachi\.m2\repository\io\micrometer\micrometer-commons\1.15.3\micrometer-commons-1.15.3.jar;C:\Users\sachi\.m2\repository\io\micrometer\micrometer-jakarta9\1.15.3\micrometer-jakarta9-1.15.3.jar;C:\Users\sachi\.m2\repository\org\springframework\boot\spring-boot-starter-web\3.5.5\spring-boot-starter-web-3.5.5.jar;C:\Users\sachi\.m2\repository\org\springframework\boot\spring-boot-starter-json\3.5.5\spring-boot-starter-json-3.5.5.jar;C:\Users\sachi\.m2\repository\com\fasterxml\jackson\datatype\jackson-datatype-jdk8\2.19.2\jackson-datatype-jdk8-2.19.2.jar;C:\Users\sachi\.m2\repository\com\fasterxml\jackson\module\jackson-module-parameter-names\2.19.2\jackson-module-parameter-names-2.19.2.jar;C:\Users\sachi\.m2\repository\org\springframework\boot\spring-boot-starter-tomcat\3.5.5\spring-boot-starter-tomcat-3.5.5.jar;C:\Users\sachi\.m2\repository\org\apache\tomcat\embed\tomcat-embed-core\10.1.44\tomcat-embed-core-10.1.44.jar;C:\Users\sachi\.m2\repository\org\apache\tomcat\embed\tomcat-embed-el\10.1.44\tomcat-embed-el-10.1.44.jar;C:\Users\sachi\.m2\repository\org\apache\tomcat\embed\tomcat-embed-websocket\10.1.44\tomcat-embed-websocket-10.1.44.jar;C:\Users\sachi\.m2\repository\org\springframework\spring-web\6.2.10\spring-web-6.2.10.jar;C:\Users\sachi\.m2\repository\org\springframework\spring-beans\6.2.10\spring-beans-6.2.10.jar;C:\Users\sachi\.m2\repository\org\springframework\spring-webmvc\6.2.10\spring-webmvc-6.2.10.jar;C:\Users\sachi\.m2\repository\org\springframework\spring-aop\6.2.10\spring-aop-6.2.10.jar;C:\Users\sachi\.m2\repository\org\springframework\spring-context\6.2.10\spring-context-6.2.10.jar;C:\Users\sachi\.m2\repository\org\springframework\spring-expression\6.2.10\spring-expression-6.2.10.jar;C:\Users\sachi\.m2\repository\io\micrometer\micrometer-registry-prometheus\1.15.3\micrometer-registry-prometheus-1.15.3.jar;C:\Users\sachi\.m2\repository\io\micrometer\micrometer-core\1.15.3\micrometer-core-1.15.3.jar;C:\Users\sachi\.m2\repository\org\hdrhistogram\HdrHistogram\2.2.2\HdrHistogram-2.2.2.jar;C:\Users\sachi\.m2\repository\org\latencyutils\LatencyUtils\2.0.3\LatencyUtils-2.0.3.jar;C:\Users\sachi\.m2\repository\io\prometheus\prometheus-metrics-core\1.3.10\prometheus-metrics-core-1.3.10.jar;C:\Users\sachi\.m2\repository\io\prometheus\prometheus-metrics-model\1.3.10\prometheus-metrics-model-1.3.10.jar;C:\Users\sachi\.m2\repository\io\prometheus\prometheus-metrics-config\1.3.10\prometheus-metrics-config-1.3.10.jar;C:\Users\sachi\.m2\repository\io\prometheus\prometheus-metrics-tracer-common\1.3.10\prometheus-metrics-tracer-common-1.3.10.jar;C:\Users\sachi\.m2\repository\io\prometheus\prometheus-metrics-exposition-formats\1.3.10\prometheus-metrics-exposition-formats-1.3.10.jar;C:\Users\sachi\.m2\repository\io\prometheus\prometheus-metrics-exposition-textformats\1.3.10\prometheus-metrics-exposition-textformats-1.3.10.jar;C:\Users\sachi\.m2\repository\org\slf4j\slf4j-api\2.0.17\slf4j-api-2.0.17.jar;C:\Users\sachi\.m2\repository\org\springframework\spring-core\6.2.10\spring-core-6.2.10.jar;C:\Users\sachi\.m2\repository\org\springframework\spring-jcl\6.2.10\spring-jcl-6.2.10.jar;C:\Program Files\JetBrains\IntelliJ IDEA Community Edition 2024.3.2\lib\idea_rt.jar
Launcher Type: SUN_STANDARD

[Global flags]
     intx CICompilerCount                          = 4                                         {product} {ergonomic}
     uint ConcGCThreads                            = 3                                         {product} {ergonomic}
     uint G1ConcRefinementThreads                  = 10                                        {product} {ergonomic}
   size_t G1HeapRegionSize                         = 2097152                                   {product} {ergonomic}
    uintx GCDrainStackTargetSize                   = 64                                        {product} {ergonomic}
   size_t InitialHeapSize                          = 264241152                                 {product} {ergonomic}
   size_t MarkStackSize                            = 4194304                                   {product} {ergonomic}
   size_t MaxHeapSize                              = 4223664128                                {product} {ergonomic}
   size_t MaxNewSize                               = 2533359616                                {product} {ergonomic}
   size_t MinHeapDeltaBytes                        = 2097152                                   {product} {ergonomic}
   size_t MinHeapSize                              = 8388608                                   {product} {ergonomic}
    uintx NonNMethodCodeHeapSize                   = 5839372                                {pd product} {ergonomic}
    uintx NonProfiledCodeHeapSize                  = 122909434                              {pd product} {ergonomic}
    uintx ProfiledCodeHeapSize                     = 122909434                              {pd product} {ergonomic}
    uintx ReservedCodeCacheSize                    = 251658240                              {pd product} {ergonomic}
     bool SegmentedCodeCache                       = true                                      {product} {ergonomic}
   size_t SoftMaxHeapSize                          = 4223664128                             {manageable} {ergonomic}
     bool UseCompressedOops                        = true                           {product lp64_product} {ergonomic}
     bool UseG1GC                                  = true                                      {product} {ergonomic}
     bool UseLargePagesIndividualAllocation        = false                                  {pd product} {ergonomic}

Logging:
Log output configuration:
 #0: stdout all=warning uptime,level,tags foldmultilines=false
 #1: stderr all=off uptime,level,tags foldmultilines=false

Environment Variables:
JAVA_HOME=C:\Program Files\OpenLogic\jdk-17.0.14.7-hotspot\
PATH=C:\Program Files\Python313\Scripts\;C:\Program Files\Python313\;C:\Program Files\OpenLogic\jdk-17.0.14.7-hotspot\bin;c:\Users\sachi\AppData\Local\Programs\cursor\resources\app\bin;C:\Program Files\Common Files\Oracle\Java\javapath;C:\Program Files\Eclipse Adoptium\jre-23.0.2.7-hotspot\bin;C:\Program Files\Eclipse Adoptium\jdk-23.0.2.7-hotspot\bin;C:\Program Files\Eclipse Adoptium\jre-17.0.14.7-hotspot\bin;C:\Program Files\Eclipse Adoptium\jdk-17.0.14.7-hotspot\bin;C:\Program Files\Eclipse Adoptium\jdk-11.0.26.4-hotspot\bin;C:\Python312\Scripts\;C:\Python312\;C:\Program Files (x86)\Common Files\Oracle\Java\java8path;C:\Program Files (x86)\Common Files\Oracle\Java\javapath;C:\Windows\system32;C:\Windows;C:\Windows\System32\Wbem;C:\Windows\System32\WindowsPowerShell\v1.0\;C:\Windows\System32\OpenSSH\;C:\Program Files (x86)\NVIDIA Corporation\PhysX\Common;C:\WINDOWS\system32;C:\WINDOWS;C:\WINDOWS\System32\Wbem;C:\WINDOWS\System32\WindowsPowerShell\v1.0\;C:\WINDOWS\System32\OpenSSH\;C:\Program Files\dotnet\;C:\ProgramData\chocolatey\bin;C:\Program Files\NVIDIA Corporation\NVIDIA app\NvDLISR;C:\Users\sach;c:\Users\sachi\AppData\Local\Programs\cursor\resources\app\bin;C:\Program Files\Git\bin;C:\Program Files\Git\cmd;C:\Program Files\MySQL\MySQL Server 8.0\bin;C:\Program Files\Java\jdk-17\bin;C:\Users\sachi\AppData\Local\Android\Sdk\cmdline-tools\latest\bin;C:\Program Files\apache-maven-3.9.11\bin;;C:\Program Files\Docker\Docker\resources\bin;C:\minikube;C:\Program Files\nodejs\;C:\Users\sachi\AppData\Local\Microsoft\WindowsApps;C:\Users\sachi\AppData\Local\Programs\Microsoft VS Code\bin;C:\Users\sachi\AppData\Local\Programs\mongosh\;C:\Program Files\JetBrains\IntelliJ IDEA Community Edition 2024.3.2\bin;;C:\Program Files\MySQL\MySQL Server 8.0\bin;C:\msys64\ucrt64\bin;C:\Users\sachi\AppData\Local\Android\Sdk\platform-tools;C:\Program Files\Java\jdk-17\bin;C:\Users\sachi\AppData\Local\Android\Sdk\platform-tools;C:\Users\sachi\AppData\Local\Android\Sdk\cmdline-tools\latest\bin;C:\Users\sachi\AppData\Local\Programs\cursor\resources\app\bin;C:\Users\sachi\AppData\Roaming\npm
USERNAME=sachi
OS=Windows_NT
PROCESSOR_IDENTIFIER=Intel64 Family 6 Model 141 Stepping 1, GenuineIntel
TMP=C:\Users\sachi\AppData\Local\Temp
TEMP=C:\Users\sachi\AppData\Local\Temp




Periodic native trim disabled

---------------  S Y S T E M  ---------------

OS:
 Windows 11 , 64 bit Build 26100 (10.0.26100.4768)
OS uptime: 0 days 0:23 hours
Hyper-V role detected

CPU: total 12 (initial active 12) (6 cores per cpu, 2 threads per core) family 6 model 141 stepping 1 microcode 0x50, cx8, cmov, fxsr, ht, mmx, 3dnowpref, sse, sse2, sse3, ssse3, sse4.1, sse4.2, popcnt, lzcnt, tsc, tscinvbit, avx, avx2, aes, erms, clmul, bmi1, bmi2, adx, avx512f, avx512dq, avx512cd, avx512bw, avx512vl, sha, fma, vzeroupper, avx512_vpopcntdq, avx512_vpclmulqdq, avx512_vaes, avx512_vnni, clflush, clflushopt, clwb, avx512_vbmi2, avx512_vbmi, hv, rdtscp, rdpid, fsrm, gfni, avx512_bitalg, f16c, cet_ibt, cet_ss, avx512_ifma
Processor Information for the first 12 processors :
  Max Mhz: 2688, Current Mhz: 2688, Mhz Limit: 2688

Memory: 4k page, system-wide physical 16105M (5258M free)
TotalPageFile size 20201M (AvailPageFile size 6024M)
current process WorkingSet (physical memory assigned to process): 174M, peak: 253M
current process commit charge ("private bytes"): 321M, peak: 399M

vm_info: OpenJDK 64-Bit Server VM (21.0.6+7-LTS) for windows-amd64 JRE (21.0.6+7-LTS), built on 2025-01-07T23:42:01Z by "Administrator" with MS VC++ 16.10 / 16.11 (VS2019)

END.
